slurmstepd-heliodor: error: Unable to create TMPDIR [/tmp/user/31153]: Permission denied
slurmstepd-heliodor: error: Setting TMPDIR to /tmp
WARNING: It is not secure to place API token in your source code. You should treat it as a password to your account. It is strongly recommended to use NEPTUNE_API_TOKEN environment variable instead. Remember not to upload source file with API token to any public repository.
Import error NSDE! You will not be able to render --> Cannot connect to "None"
https://ui.neptune.ai/pgschossmann/ba-dqn-pommerman/e/POMMERMAN-4336
Trial result path: /home/p/pfefferkorn/dev/playground/csv/comm_xp_results/trial_29/10000-RandomAgent-1583019759.csv
Episode 0 finished with reward [1, -1, 1, -1]
Episode 1 finished with reward [1, -1, 1, -1]
Episode 2 finished with reward [-1, 1, -1, 1]
Episode 3 finished with reward [-1, 1, -1, 1]
Episode 4 finished with reward [1, -1, 1, -1]
Episode 5 finished with reward [-1, 1, -1, 1]
Episode 6 finished with reward [-1, 1, -1, 1]
Episode 7 finished with reward [1, -1, 1, -1]
Episode 8 finished with reward [1, -1, 1, -1]
Episode 9 finished with reward [1, -1, 1, -1]
Episode 10 finished with reward [-1, 1, -1, 1]
Episode 11 finished with reward [1, -1, 1, -1]
Episode 12 finished with reward [-1, 1, -1, 1]
Episode 13 finished with reward [-1, 1, -1, 1]
Episode 14 finished with reward [1, -1, 1, -1]
Episode 15 finished with reward [1, -1, 1, -1]
Episode 16 finished with reward [-1, 1, -1, 1]
Episode 17 finished with reward [1, -1, 1, -1]
Episode 18 finished with reward [1, -1, 1, -1]
Episode 19 finished with reward [-1, 1, -1, 1]
Episode 20 finished with reward [-1, 1, -1, 1]
Episode 21 finished with reward [-1, 1, -1, 1]
Episode 22 finished with reward [-1, 1, -1, 1]
Episode 23 finished with reward [1, -1, 1, -1]
Episode 24 finished with reward [-1, 1, -1, 1]
Episode 25 finished with reward [1, -1, 1, -1]
Episode 26 finished with reward [-1, 1, -1, 1]
Episode 27 finished with reward [1, -1, 1, -1]
Episode 28 finished with reward [1, -1, 1, -1]
Episode 29 finished with reward [-1, 1, -1, 1]
Episode 30 finished with reward [1, -1, 1, -1]
Episode 31 finished with reward [1, -1, 1, -1]
Episode 32 finished with reward [1, -1, 1, -1]
Episode 33 finished with reward [1, -1, 1, -1]
Episode 34 finished with reward [1, -1, 1, -1]
Episode 35 finished with reward [-1, 1, -1, 1]
Episode 36 finished with reward [-1, 1, -1, 1]
Episode 37 finished with reward [1, -1, 1, -1]
Episode 38 finished with reward [-1, 1, -1, 1]
Episode 39 finished with reward [1, -1, 1, -1]
Episode 40 finished with reward [1, -1, 1, -1]
Episode 41 finished with reward [1, -1, 1, -1]
Episode 42 finished with reward [-1, 1, -1, 1]
Episode 43 finished with reward [1, -1, 1, -1]
Episode 44 finished with reward [1, -1, 1, -1]
Episode 45 finished with reward [-1, 1, -1, 1]
Episode 46 finished with reward [1, -1, 1, -1]
Episode 47 finished with reward [1, -1, 1, -1]
Episode 48 finished with reward [-1, 1, -1, 1]
Episode 49 finished with reward [-1, 1, -1, 1]
Episode 50 finished with reward [1, -1, 1, -1]
Episode 51 finished with reward [1, -1, 1, -1]
Episode 52 finished with reward [-1, 1, -1, 1]
Episode 53 finished with reward [-1, 1, -1, 1]
Episode 54 finished with reward [1, -1, 1, -1]
Episode 55 finished with reward [1, -1, 1, -1]
Episode 56 finished with reward [1, -1, 1, -1]
Episode 57 finished with reward [1, -1, 1, -1]
Episode 58 finished with reward [1, -1, 1, -1]
Episode 59 finished with reward [1, -1, 1, -1]
Episode 60 finished with reward [1, -1, 1, -1]
Episode 61 finished with reward [1, -1, 1, -1]
Episode 62 finished with reward [1, -1, 1, -1]
Episode 63 finished with reward [-1, 1, -1, 1]
Episode 64 finished with reward [1, -1, 1, -1]
Episode 65 finished with reward [-1, 1, -1, 1]
Episode 66 finished with reward [1, -1, 1, -1]
Episode 67 finished with reward [1, -1, 1, -1]
Episode 68 finished with reward [-1, 1, -1, 1]
Episode 69 finished with reward [1, -1, 1, -1]
Episode 70 finished with reward [1, -1, 1, -1]
Episode 71 finished with reward [1, -1, 1, -1]
Episode 72 finished with reward [-1, 1, -1, 1]
Episode 73 finished with reward [-1, 1, -1, 1]
Episode 74 finished with reward [1, -1, 1, -1]
Episode 75 finished with reward [1, -1, 1, -1]
Episode 76 finished with reward [1, -1, 1, -1]
Episode 77 finished with reward [1, -1, 1, -1]
Episode 78 finished with reward [1, -1, 1, -1]
Episode 79 finished with reward [1, -1, 1, -1]
Episode 80 finished with reward [-1, 1, -1, 1]
Episode 81 finished with reward [1, -1, 1, -1]
Episode 82 finished with reward [-1, 1, -1, 1]
Episode 83 finished with reward [1, -1, 1, -1]
Episode 84 finished with reward [1, -1, 1, -1]
Episode 85 finished with reward [-1, 1, -1, 1]
Episode 86 finished with reward [1, -1, 1, -1]
Episode 87 finished with reward [1, -1, 1, -1]
Episode 88 finished with reward [1, -1, 1, -1]
Episode 89 finished with reward [1, -1, 1, -1]
Episode 90 finished with reward [1, -1, 1, -1]
Episode 91 finished with reward [1, -1, 1, -1]
Episode 92 finished with reward [1, -1, 1, -1]
Episode 93 finished with reward [1, -1, 1, -1]
Episode 94 finished with reward [-1, 1, -1, 1]
Episode 95 finished with reward [-1, 1, -1, 1]
Episode 96 finished with reward [1, -1, 1, -1]
Episode 97 finished with reward [1, -1, 1, -1]
Episode 98 finished with reward [0, 0, 0, 0]
Episode 99 finished with reward [-1, 1, -1, 1]
Episode 100 finished with reward [1, -1, 1, -1]
Episode 101 finished with reward [1, -1, 1, -1]
Episode 102 finished with reward [1, -1, 1, -1]
Episode 103 finished with reward [-1, 1, -1, 1]
Episode 104 finished with reward [1, -1, 1, -1]
Episode 105 finished with reward [-1, 1, -1, 1]
Episode 106 finished with reward [-1, 1, -1, 1]
Episode 107 finished with reward [-1, 1, -1, 1]
Episode 108 finished with reward [1, -1, 1, -1]
Episode 109 finished with reward [1, -1, 1, -1]
Episode 110 finished with reward [1, -1, 1, -1]
Episode 111 finished with reward [0, 0, 0, 0]
Episode 112 finished with reward [1, -1, 1, -1]
Episode 113 finished with reward [-1, 1, -1, 1]
Episode 114 finished with reward [1, -1, 1, -1]
Episode 115 finished with reward [-1, 1, -1, 1]
Episode 116 finished with reward [-1, 1, -1, 1]
Episode 117 finished with reward [1, -1, 1, -1]
Episode 118 finished with reward [1, -1, 1, -1]
Episode 119 finished with reward [1, -1, 1, -1]
Episode 120 finished with reward [0, 0, 0, 0]
Episode 121 finished with reward [1, -1, 1, -1]
Episode 122 finished with reward [1, -1, 1, -1]
Episode 123 finished with reward [1, -1, 1, -1]
Episode 124 finished with reward [-1, 1, -1, 1]
Episode 125 finished with reward [-1, 1, -1, 1]
Episode 126 finished with reward [-1, 1, -1, 1]
Episode 127 finished with reward [-1, 1, -1, 1]
Episode 128 finished with reward [0, 0, 0, 0]
Episode 129 finished with reward [1, -1, 1, -1]
Episode 130 finished with reward [-1, 1, -1, 1]
Episode 131 finished with reward [1, -1, 1, -1]
Episode 132 finished with reward [1, -1, 1, -1]
Episode 133 finished with reward [1, -1, 1, -1]
Episode 134 finished with reward [1, -1, 1, -1]
Episode 135 finished with reward [1, -1, 1, -1]
Episode 136 finished with reward [1, -1, 1, -1]
Episode 137 finished with reward [1, -1, 1, -1]
Episode 138 finished with reward [1, -1, 1, -1]
Episode 139 finished with reward [-1, 1, -1, 1]
Episode 140 finished with reward [1, -1, 1, -1]
Episode 141 finished with reward [-1, 1, -1, 1]
Episode 142 finished with reward [1, -1, 1, -1]
Episode 143 finished with reward [1, -1, 1, -1]
Episode 144 finished with reward [1, -1, 1, -1]
Episode 145 finished with reward [-1, 1, -1, 1]
Episode 146 finished with reward [1, -1, 1, -1]
Episode 147 finished with reward [1, -1, 1, -1]
Episode 148 finished with reward [-1, 1, -1, 1]
Episode 149 finished with reward [1, -1, 1, -1]
Episode 150 finished with reward [-1, 1, -1, 1]
Episode 151 finished with reward [1, -1, 1, -1]
Episode 152 finished with reward [-1, 1, -1, 1]
Episode 153 finished with reward [1, -1, 1, -1]
Episode 154 finished with reward [1, -1, 1, -1]
Episode 155 finished with reward [1, -1, 1, -1]
Episode 156 finished with reward [-1, 1, -1, 1]
Episode 157 finished with reward [0, 0, 0, 0]
Episode 158 finished with reward [-1, 1, -1, 1]
Episode 159 finished with reward [1, -1, 1, -1]
Episode 160 finished with reward [-1, 1, -1, 1]
Episode 161 finished with reward [-1, 1, -1, 1]
Episode 162 finished with reward [-1, 1, -1, 1]
Episode 163 finished with reward [-1, 1, -1, 1]
Episode 164 finished with reward [1, -1, 1, -1]
Episode 165 finished with reward [-1, 1, -1, 1]
Episode 166 finished with reward [1, -1, 1, -1]
Episode 167 finished with reward [1, -1, 1, -1]
Episode 168 finished with reward [1, -1, 1, -1]
Episode 169 finished with reward [1, -1, 1, -1]
Episode 170 finished with reward [1, -1, 1, -1]
Episode 171 finished with reward [1, -1, 1, -1]
Episode 172 finished with reward [-1, 1, -1, 1]
Episode 173 finished with reward [1, -1, 1, -1]
Episode 174 finished with reward [1, -1, 1, -1]
Episode 175 finished with reward [1, -1, 1, -1]
Episode 176 finished with reward [-1, 1, -1, 1]
Episode 177 finished with reward [1, -1, 1, -1]
Episode 178 finished with reward [1, -1, 1, -1]
Episode 179 finished with reward [-1, 1, -1, 1]
Episode 180 finished with reward [1, -1, 1, -1]
Episode 181 finished with reward [-1, 1, -1, 1]
Episode 182 finished with reward [-1, 1, -1, 1]
Episode 183 finished with reward [1, -1, 1, -1]
Episode 184 finished with reward [1, -1, 1, -1]
Episode 185 finished with reward [1, -1, 1, -1]
Episode 186 finished with reward [1, -1, 1, -1]
Episode 187 finished with reward [-1, 1, -1, 1]
Episode 188 finished with reward [-1, 1, -1, 1]
Episode 189 finished with reward [1, -1, 1, -1]
Episode 190 finished with reward [-1, 1, -1, 1]
Episode 191 finished with reward [1, -1, 1, -1]
Episode 192 finished with reward [-1, 1, -1, 1]
Episode 193 finished with reward [-1, 1, -1, 1]
Episode 194 finished with reward [1, -1, 1, -1]
Episode 195 finished with reward [-1, 1, -1, 1]
Episode 196 finished with reward [1, -1, 1, -1]
Episode 197 finished with reward [1, -1, 1, -1]
Episode 198 finished with reward [-1, 1, -1, 1]
Episode 199 finished with reward [1, -1, 1, -1]
Episode 200 finished with reward [0, 0, 0, 0]
Episode 201 finished with reward [1, -1, 1, -1]
Episode 202 finished with reward [1, -1, 1, -1]
Episode 203 finished with reward [1, -1, 1, -1]
Episode 204 finished with reward [-1, 1, -1, 1]
Episode 205 finished with reward [-1, 1, -1, 1]
Episode 206 finished with reward [-1, 1, -1, 1]
Episode 207 finished with reward [-1, 1, -1, 1]
Episode 208 finished with reward [1, -1, 1, -1]
Episode 209 finished with reward [-1, 1, -1, 1]
Episode 210 finished with reward [1, -1, 1, -1]
Episode 211 finished with reward [1, -1, 1, -1]
Episode 212 finished with reward [1, -1, 1, -1]
Episode 213 finished with reward [1, -1, 1, -1]
Episode 214 finished with reward [1, -1, 1, -1]
Episode 215 finished with reward [-1, 1, -1, 1]
Episode 216 finished with reward [1, -1, 1, -1]
Episode 217 finished with reward [-1, 1, -1, 1]
Episode 218 finished with reward [1, -1, 1, -1]
Episode 219 finished with reward [-1, 1, -1, 1]
Episode 220 finished with reward [-1, 1, -1, 1]
Episode 221 finished with reward [-1, 1, -1, 1]
Episode 222 finished with reward [-1, 1, -1, 1]
Episode 223 finished with reward [1, -1, 1, -1]
Episode 224 finished with reward [1, -1, 1, -1]
Episode 225 finished with reward [-1, 1, -1, 1]
Episode 226 finished with reward [-1, 1, -1, 1]
Episode 227 finished with reward [1, -1, 1, -1]
Episode 228 finished with reward [1, -1, 1, -1]
Episode 229 finished with reward [1, -1, 1, -1]
Episode 230 finished with reward [1, -1, 1, -1]
Episode 231 finished with reward [1, -1, 1, -1]
Episode 232 finished with reward [1, -1, 1, -1]
Episode 233 finished with reward [1, -1, 1, -1]
Episode 234 finished with reward [1, -1, 1, -1]
Episode 235 finished with reward [-1, 1, -1, 1]
Episode 236 finished with reward [-1, 1, -1, 1]
Episode 237 finished with reward [-1, 1, -1, 1]
Episode 238 finished with reward [1, -1, 1, -1]
Episode 239 finished with reward [1, -1, 1, -1]
Episode 240 finished with reward [1, -1, 1, -1]
Episode 241 finished with reward [1, -1, 1, -1]
Episode 242 finished with reward [-1, 1, -1, 1]
Episode 243 finished with reward [-1, 1, -1, 1]
Episode 244 finished with reward [0, 0, 0, 0]
Episode 245 finished with reward [1, -1, 1, -1]
Episode 246 finished with reward [1, -1, 1, -1]
Episode 247 finished with reward [1, -1, 1, -1]
Episode 248 finished with reward [-1, 1, -1, 1]
Episode 249 finished with reward [1, -1, 1, -1]
Episode 250 finished with reward [1, -1, 1, -1]
Episode 251 finished with reward [1, -1, 1, -1]
Episode 252 finished with reward [1, -1, 1, -1]
Episode 253 finished with reward [1, -1, 1, -1]
Episode 254 finished with reward [-1, 1, -1, 1]
Episode 255 finished with reward [1, -1, 1, -1]
Episode 256 finished with reward [1, -1, 1, -1]
Episode 257 finished with reward [-1, 1, -1, 1]
Episode 258 finished with reward [1, -1, 1, -1]
Episode 259 finished with reward [1, -1, 1, -1]
Episode 260 finished with reward [-1, 1, -1, 1]
Episode 261 finished with reward [1, -1, 1, -1]
Episode 262 finished with reward [1, -1, 1, -1]
Episode 263 finished with reward [-1, 1, -1, 1]
Episode 264 finished with reward [-1, 1, -1, 1]
Episode 265 finished with reward [1, -1, 1, -1]
Episode 266 finished with reward [-1, 1, -1, 1]
Episode 267 finished with reward [1, -1, 1, -1]
Episode 268 finished with reward [1, -1, 1, -1]
Episode 269 finished with reward [1, -1, 1, -1]
Episode 270 finished with reward [1, -1, 1, -1]
Episode 271 finished with reward [1, -1, 1, -1]
Episode 272 finished with reward [1, -1, 1, -1]
Episode 273 finished with reward [-1, 1, -1, 1]
Episode 274 finished with reward [1, -1, 1, -1]
Episode 275 finished with reward [-1, 1, -1, 1]
Episode 276 finished with reward [-1, 1, -1, 1]
Episode 277 finished with reward [1, -1, 1, -1]
Episode 278 finished with reward [-1, 1, -1, 1]
Episode 279 finished with reward [1, -1, 1, -1]
Episode 280 finished with reward [1, -1, 1, -1]
Episode 281 finished with reward [1, -1, 1, -1]
Episode 282 finished with reward [1, -1, 1, -1]
Episode 283 finished with reward [-1, 1, -1, 1]
Episode 284 finished with reward [-1, 1, -1, 1]
Episode 285 finished with reward [1, -1, 1, -1]
Episode 286 finished with reward [1, -1, 1, -1]
Episode 287 finished with reward [1, -1, 1, -1]
Episode 288 finished with reward [1, -1, 1, -1]
Episode 289 finished with reward [-1, 1, -1, 1]
Episode 290 finished with reward [1, -1, 1, -1]
Episode 291 finished with reward [1, -1, 1, -1]
Episode 292 finished with reward [1, -1, 1, -1]
Episode 293 finished with reward [1, -1, 1, -1]
Episode 294 finished with reward [1, -1, 1, -1]
Episode 295 finished with reward [0, 0, 0, 0]
Episode 296 finished with reward [-1, 1, -1, 1]
Episode 297 finished with reward [1, -1, 1, -1]
Episode 298 finished with reward [1, -1, 1, -1]
Episode 299 finished with reward [1, -1, 1, -1]
Episode 300 finished with reward [-1, 1, -1, 1]
Episode 301 finished with reward [1, -1, 1, -1]
Episode 302 finished with reward [1, -1, 1, -1]
Episode 303 finished with reward [1, -1, 1, -1]
Episode 304 finished with reward [-1, 1, -1, 1]
Episode 305 finished with reward [1, -1, 1, -1]
Episode 306 finished with reward [1, -1, 1, -1]
Episode 307 finished with reward [-1, 1, -1, 1]
Episode 308 finished with reward [1, -1, 1, -1]
Episode 309 finished with reward [1, -1, 1, -1]
Episode 310 finished with reward [-1, 1, -1, 1]
Episode 311 finished with reward [1, -1, 1, -1]
Episode 312 finished with reward [1, -1, 1, -1]
Episode 313 finished with reward [1, -1, 1, -1]
Episode 314 finished with reward [1, -1, 1, -1]
Episode 315 finished with reward [1, -1, 1, -1]
Episode 316 finished with reward [1, -1, 1, -1]
Episode 317 finished with reward [1, -1, 1, -1]
Episode 318 finished with reward [1, -1, 1, -1]
Episode 319 finished with reward [1, -1, 1, -1]
Episode 320 finished with reward [1, -1, 1, -1]
Episode 321 finished with reward [1, -1, 1, -1]
Episode 322 finished with reward [1, -1, 1, -1]
Episode 323 finished with reward [1, -1, 1, -1]
Episode 324 finished with reward [1, -1, 1, -1]
Episode 325 finished with reward [-1, 1, -1, 1]
Episode 326 finished with reward [1, -1, 1, -1]
Episode 327 finished with reward [1, -1, 1, -1]
Episode 328 finished with reward [-1, 1, -1, 1]
Episode 329 finished with reward [-1, 1, -1, 1]
Episode 330 finished with reward [1, -1, 1, -1]
Episode 331 finished with reward [1, -1, 1, -1]
Episode 332 finished with reward [1, -1, 1, -1]
Episode 333 finished with reward [-1, 1, -1, 1]
Episode 334 finished with reward [-1, 1, -1, 1]
Episode 335 finished with reward [1, -1, 1, -1]
Episode 336 finished with reward [-1, 1, -1, 1]
Episode 337 finished with reward [-1, 1, -1, 1]
Episode 338 finished with reward [1, -1, 1, -1]
Episode 339 finished with reward [1, -1, 1, -1]
Episode 340 finished with reward [1, -1, 1, -1]
Episode 341 finished with reward [-1, 1, -1, 1]
Episode 342 finished with reward [1, -1, 1, -1]
Episode 343 finished with reward [1, -1, 1, -1]
Episode 344 finished with reward [-1, 1, -1, 1]
Episode 345 finished with reward [-1, 1, -1, 1]
Episode 346 finished with reward [-1, 1, -1, 1]
Episode 347 finished with reward [1, -1, 1, -1]
Episode 348 finished with reward [1, -1, 1, -1]
Episode 349 finished with reward [-1, 1, -1, 1]
Episode 350 finished with reward [-1, 1, -1, 1]
Episode 351 finished with reward [1, -1, 1, -1]
Episode 352 finished with reward [-1, 1, -1, 1]
Episode 353 finished with reward [1, -1, 1, -1]
Episode 354 finished with reward [1, -1, 1, -1]
Episode 355 finished with reward [-1, 1, -1, 1]
Episode 356 finished with reward [0, 0, 0, 0]
Episode 357 finished with reward [-1, 1, -1, 1]
Episode 358 finished with reward [1, -1, 1, -1]
Episode 359 finished with reward [-1, 1, -1, 1]
Episode 360 finished with reward [-1, 1, -1, 1]
Episode 361 finished with reward [-1, 1, -1, 1]
Episode 362 finished with reward [1, -1, 1, -1]
Episode 363 finished with reward [-1, 1, -1, 1]
Episode 364 finished with reward [1, -1, 1, -1]
Episode 365 finished with reward [1, -1, 1, -1]
Episode 366 finished with reward [-1, 1, -1, 1]
Episode 367 finished with reward [1, -1, 1, -1]
Episode 368 finished with reward [1, -1, 1, -1]
Episode 369 finished with reward [1, -1, 1, -1]
Episode 370 finished with reward [1, -1, 1, -1]
Episode 371 finished with reward [1, -1, 1, -1]
Episode 372 finished with reward [1, -1, 1, -1]
Episode 373 finished with reward [1, -1, 1, -1]
Episode 374 finished with reward [1, -1, 1, -1]
Episode 375 finished with reward [1, -1, 1, -1]
Episode 376 finished with reward [-1, 1, -1, 1]
Episode 377 finished with reward [1, -1, 1, -1]
Episode 378 finished with reward [1, -1, 1, -1]
Episode 379 finished with reward [-1, 1, -1, 1]
Episode 380 finished with reward [1, -1, 1, -1]
Episode 381 finished with reward [1, -1, 1, -1]
Episode 382 finished with reward [1, -1, 1, -1]
Episode 383 finished with reward [1, -1, 1, -1]
Episode 384 finished with reward [1, -1, 1, -1]
Episode 385 finished with reward [1, -1, 1, -1]
Episode 386 finished with reward [1, -1, 1, -1]
Episode 387 finished with reward [1, -1, 1, -1]
Episode 388 finished with reward [-1, 1, -1, 1]
Episode 389 finished with reward [-1, 1, -1, 1]
Episode 390 finished with reward [-1, 1, -1, 1]
Episode 391 finished with reward [-1, 1, -1, 1]
Episode 392 finished with reward [1, -1, 1, -1]
Episode 393 finished with reward [1, -1, 1, -1]
Episode 394 finished with reward [1, -1, 1, -1]
Episode 395 finished with reward [-1, 1, -1, 1]
Episode 396 finished with reward [1, -1, 1, -1]
Episode 397 finished with reward [-1, 1, -1, 1]
Episode 398 finished with reward [1, -1, 1, -1]
Episode 399 finished with reward [1, -1, 1, -1]
Episode 400 finished with reward [-1, 1, -1, 1]
Episode 401 finished with reward [1, -1, 1, -1]
Episode 402 finished with reward [-1, 1, -1, 1]
Episode 403 finished with reward [-1, 1, -1, 1]
Episode 404 finished with reward [-1, 1, -1, 1]
Episode 405 finished with reward [1, -1, 1, -1]
Episode 406 finished with reward [-1, 1, -1, 1]
Episode 407 finished with reward [-1, 1, -1, 1]
Episode 408 finished with reward [1, -1, 1, -1]
Episode 409 finished with reward [1, -1, 1, -1]
Episode 410 finished with reward [1, -1, 1, -1]
Episode 411 finished with reward [-1, 1, -1, 1]
Episode 412 finished with reward [1, -1, 1, -1]
Episode 413 finished with reward [-1, 1, -1, 1]
Episode 414 finished with reward [-1, 1, -1, 1]
Episode 415 finished with reward [1, -1, 1, -1]
Episode 416 finished with reward [1, -1, 1, -1]
Episode 417 finished with reward [-1, 1, -1, 1]
Episode 418 finished with reward [1, -1, 1, -1]
Episode 419 finished with reward [1, -1, 1, -1]
Episode 420 finished with reward [1, -1, 1, -1]
Episode 421 finished with reward [-1, 1, -1, 1]
Episode 422 finished with reward [-1, 1, -1, 1]
Episode 423 finished with reward [1, -1, 1, -1]
Episode 424 finished with reward [1, -1, 1, -1]
Episode 425 finished with reward [-1, 1, -1, 1]
Episode 426 finished with reward [1, -1, 1, -1]
Episode 427 finished with reward [-1, 1, -1, 1]
Episode 428 finished with reward [-1, 1, -1, 1]
Episode 429 finished with reward [1, -1, 1, -1]
Episode 430 finished with reward [1, -1, 1, -1]
Episode 431 finished with reward [1, -1, 1, -1]
Episode 432 finished with reward [1, -1, 1, -1]
Episode 433 finished with reward [-1, 1, -1, 1]
Episode 434 finished with reward [1, -1, 1, -1]
Episode 435 finished with reward [1, -1, 1, -1]
Episode 436 finished with reward [1, -1, 1, -1]
Episode 437 finished with reward [-1, 1, -1, 1]
Episode 438 finished with reward [1, -1, 1, -1]
Episode 439 finished with reward [1, -1, 1, -1]
Episode 440 finished with reward [1, -1, 1, -1]
Episode 441 finished with reward [1, -1, 1, -1]
Episode 442 finished with reward [1, -1, 1, -1]
Episode 443 finished with reward [1, -1, 1, -1]
Episode 444 finished with reward [0, 0, 0, 0]
Episode 445 finished with reward [1, -1, 1, -1]
Episode 446 finished with reward [-1, 1, -1, 1]
Episode 447 finished with reward [-1, 1, -1, 1]
Episode 448 finished with reward [1, -1, 1, -1]
Episode 449 finished with reward [1, -1, 1, -1]
Episode 450 finished with reward [1, -1, 1, -1]
Episode 451 finished with reward [-1, 1, -1, 1]
Episode 452 finished with reward [1, -1, 1, -1]
Episode 453 finished with reward [-1, 1, -1, 1]
Episode 454 finished with reward [1, -1, 1, -1]
Episode 455 finished with reward [-1, 1, -1, 1]
Episode 456 finished with reward [1, -1, 1, -1]
Episode 457 finished with reward [-1, 1, -1, 1]
Episode 458 finished with reward [-1, 1, -1, 1]
Episode 459 finished with reward [1, -1, 1, -1]
Episode 460 finished with reward [1, -1, 1, -1]
Episode 461 finished with reward [1, -1, 1, -1]
Episode 462 finished with reward [1, -1, 1, -1]
Episode 463 finished with reward [1, -1, 1, -1]
Episode 464 finished with reward [-1, 1, -1, 1]
Episode 465 finished with reward [0, 0, 0, 0]
Episode 466 finished with reward [1, -1, 1, -1]
Episode 467 finished with reward [-1, 1, -1, 1]
Episode 468 finished with reward [-1, 1, -1, 1]
Episode 469 finished with reward [1, -1, 1, -1]
Episode 470 finished with reward [1, -1, 1, -1]
Episode 471 finished with reward [1, -1, 1, -1]
Episode 472 finished with reward [-1, 1, -1, 1]
Episode 473 finished with reward [1, -1, 1, -1]
Episode 474 finished with reward [1, -1, 1, -1]
Episode 475 finished with reward [-1, 1, -1, 1]
Episode 476 finished with reward [1, -1, 1, -1]
Episode 477 finished with reward [-1, 1, -1, 1]
Episode 478 finished with reward [1, -1, 1, -1]
Episode 479 finished with reward [1, -1, 1, -1]
Episode 480 finished with reward [1, -1, 1, -1]
Episode 481 finished with reward [1, -1, 1, -1]
Episode 482 finished with reward [1, -1, 1, -1]
Episode 483 finished with reward [1, -1, 1, -1]
Episode 484 finished with reward [-1, 1, -1, 1]
Episode 485 finished with reward [-1, 1, -1, 1]
Episode 486 finished with reward [-1, 1, -1, 1]
Episode 487 finished with reward [-1, 1, -1, 1]
Episode 488 finished with reward [1, -1, 1, -1]
Episode 489 finished with reward [1, -1, 1, -1]
Episode 490 finished with reward [-1, 1, -1, 1]
Episode 491 finished with reward [1, -1, 1, -1]
Episode 492 finished with reward [1, -1, 1, -1]
Episode 493 finished with reward [1, -1, 1, -1]
Episode 494 finished with reward [-1, 1, -1, 1]
Episode 495 finished with reward [-1, 1, -1, 1]
Episode 496 finished with reward [-1, 1, -1, 1]
Episode 497 finished with reward [1, -1, 1, -1]
Episode 498 finished with reward [1, -1, 1, -1]
Episode 499 finished with reward [1, -1, 1, -1]
Episode 500 finished with reward [1, -1, 1, -1]
Episode 501 finished with reward [1, -1, 1, -1]
Episode 502 finished with reward [1, -1, 1, -1]
Episode 503 finished with reward [1, -1, 1, -1]
Episode 504 finished with reward [1, -1, 1, -1]
Episode 505 finished with reward [1, -1, 1, -1]
Episode 506 finished with reward [-1, 1, -1, 1]
Episode 507 finished with reward [1, -1, 1, -1]
Episode 508 finished with reward [-1, 1, -1, 1]
Episode 509 finished with reward [1, -1, 1, -1]
Episode 510 finished with reward [1, -1, 1, -1]
Episode 511 finished with reward [1, -1, 1, -1]
Episode 512 finished with reward [1, -1, 1, -1]
Episode 513 finished with reward [1, -1, 1, -1]
Episode 514 finished with reward [-1, 1, -1, 1]
Episode 515 finished with reward [-1, 1, -1, 1]
Episode 516 finished with reward [1, -1, 1, -1]
Episode 517 finished with reward [1, -1, 1, -1]
Episode 518 finished with reward [1, -1, 1, -1]
Episode 519 finished with reward [1, -1, 1, -1]
Episode 520 finished with reward [1, -1, 1, -1]
Episode 521 finished with reward [1, -1, 1, -1]
Episode 522 finished with reward [1, -1, 1, -1]
Episode 523 finished with reward [1, -1, 1, -1]
Episode 524 finished with reward [1, -1, 1, -1]
Episode 525 finished with reward [-1, 1, -1, 1]
Episode 526 finished with reward [-1, 1, -1, 1]
Episode 527 finished with reward [1, -1, 1, -1]
Episode 528 finished with reward [0, 0, 0, 0]
Episode 529 finished with reward [1, -1, 1, -1]
Episode 530 finished with reward [1, -1, 1, -1]
Episode 531 finished with reward [-1, 1, -1, 1]
Episode 532 finished with reward [-1, 1, -1, 1]
Episode 533 finished with reward [1, -1, 1, -1]
Episode 534 finished with reward [1, -1, 1, -1]
Episode 535 finished with reward [1, -1, 1, -1]
Episode 536 finished with reward [1, -1, 1, -1]
Episode 537 finished with reward [1, -1, 1, -1]
Episode 538 finished with reward [1, -1, 1, -1]
Episode 539 finished with reward [1, -1, 1, -1]
Episode 540 finished with reward [-1, 1, -1, 1]
Episode 541 finished with reward [1, -1, 1, -1]
Episode 542 finished with reward [1, -1, 1, -1]
Episode 543 finished with reward [-1, 1, -1, 1]
Episode 544 finished with reward [0, 0, 0, 0]
Episode 545 finished with reward [1, -1, 1, -1]
Episode 546 finished with reward [1, -1, 1, -1]
Episode 547 finished with reward [0, 0, 0, 0]
Episode 548 finished with reward [1, -1, 1, -1]
Episode 549 finished with reward [1, -1, 1, -1]
Episode 550 finished with reward [1, -1, 1, -1]
Episode 551 finished with reward [-1, 1, -1, 1]
Episode 552 finished with reward [1, -1, 1, -1]
Episode 553 finished with reward [1, -1, 1, -1]
Episode 554 finished with reward [-1, 1, -1, 1]
Episode 555 finished with reward [1, -1, 1, -1]
Episode 556 finished with reward [1, -1, 1, -1]
Episode 557 finished with reward [1, -1, 1, -1]
Episode 558 finished with reward [1, -1, 1, -1]
Episode 559 finished with reward [-1, 1, -1, 1]
Episode 560 finished with reward [1, -1, 1, -1]
Episode 561 finished with reward [1, -1, 1, -1]
Episode 562 finished with reward [-1, 1, -1, 1]
Episode 563 finished with reward [1, -1, 1, -1]
Episode 564 finished with reward [1, -1, 1, -1]
Episode 565 finished with reward [-1, 1, -1, 1]
Episode 566 finished with reward [1, -1, 1, -1]
Episode 567 finished with reward [-1, 1, -1, 1]
Episode 568 finished with reward [1, -1, 1, -1]
Episode 569 finished with reward [-1, 1, -1, 1]
Episode 570 finished with reward [-1, 1, -1, 1]
Episode 571 finished with reward [-1, 1, -1, 1]
Episode 572 finished with reward [-1, 1, -1, 1]
Episode 573 finished with reward [1, -1, 1, -1]
Episode 574 finished with reward [1, -1, 1, -1]
Episode 575 finished with reward [-1, 1, -1, 1]
Episode 576 finished with reward [1, -1, 1, -1]
Episode 577 finished with reward [1, -1, 1, -1]
Episode 578 finished with reward [-1, 1, -1, 1]
Episode 579 finished with reward [-1, 1, -1, 1]
Episode 580 finished with reward [1, -1, 1, -1]
Episode 581 finished with reward [1, -1, 1, -1]
Episode 582 finished with reward [-1, 1, -1, 1]
Episode 583 finished with reward [-1, 1, -1, 1]
Episode 584 finished with reward [1, -1, 1, -1]
Episode 585 finished with reward [1, -1, 1, -1]
Episode 586 finished with reward [1, -1, 1, -1]
Episode 587 finished with reward [1, -1, 1, -1]
Episode 588 finished with reward [1, -1, 1, -1]
Episode 589 finished with reward [-1, 1, -1, 1]
Episode 590 finished with reward [1, -1, 1, -1]
Episode 591 finished with reward [-1, 1, -1, 1]
Episode 592 finished with reward [1, -1, 1, -1]
Episode 593 finished with reward [1, -1, 1, -1]
Episode 594 finished with reward [1, -1, 1, -1]
Episode 595 finished with reward [-1, 1, -1, 1]
Episode 596 finished with reward [1, -1, 1, -1]
Episode 597 finished with reward [1, -1, 1, -1]
Episode 598 finished with reward [1, -1, 1, -1]
Episode 599 finished with reward [1, -1, 1, -1]
Episode 600 finished with reward [-1, 1, -1, 1]
Episode 601 finished with reward [1, -1, 1, -1]
Episode 602 finished with reward [1, -1, 1, -1]
Episode 603 finished with reward [1, -1, 1, -1]
Episode 604 finished with reward [1, -1, 1, -1]
Episode 605 finished with reward [1, -1, 1, -1]
Episode 606 finished with reward [1, -1, 1, -1]
Episode 607 finished with reward [1, -1, 1, -1]
Episode 608 finished with reward [-1, 1, -1, 1]
Episode 609 finished with reward [1, -1, 1, -1]
Episode 610 finished with reward [-1, 1, -1, 1]
Episode 611 finished with reward [-1, 1, -1, 1]
Episode 612 finished with reward [1, -1, 1, -1]
Episode 613 finished with reward [1, -1, 1, -1]
Episode 614 finished with reward [1, -1, 1, -1]
Episode 615 finished with reward [1, -1, 1, -1]
Episode 616 finished with reward [1, -1, 1, -1]
Episode 617 finished with reward [-1, 1, -1, 1]
Episode 618 finished with reward [1, -1, 1, -1]
Episode 619 finished with reward [1, -1, 1, -1]
Episode 620 finished with reward [1, -1, 1, -1]
Episode 621 finished with reward [1, -1, 1, -1]
Episode 622 finished with reward [1, -1, 1, -1]
Episode 623 finished with reward [1, -1, 1, -1]
Episode 624 finished with reward [1, -1, 1, -1]
Episode 625 finished with reward [1, -1, 1, -1]
Episode 626 finished with reward [1, -1, 1, -1]
Episode 627 finished with reward [-1, 1, -1, 1]
Episode 628 finished with reward [1, -1, 1, -1]
Episode 629 finished with reward [1, -1, 1, -1]
Episode 630 finished with reward [1, -1, 1, -1]
Episode 631 finished with reward [1, -1, 1, -1]
Episode 632 finished with reward [1, -1, 1, -1]
Episode 633 finished with reward [1, -1, 1, -1]
Episode 634 finished with reward [1, -1, 1, -1]
Episode 635 finished with reward [1, -1, 1, -1]
Episode 636 finished with reward [1, -1, 1, -1]
Episode 637 finished with reward [1, -1, 1, -1]
Episode 638 finished with reward [1, -1, 1, -1]
Episode 639 finished with reward [1, -1, 1, -1]
Episode 640 finished with reward [1, -1, 1, -1]
Episode 641 finished with reward [-1, 1, -1, 1]
Episode 642 finished with reward [1, -1, 1, -1]
Episode 643 finished with reward [1, -1, 1, -1]
Episode 644 finished with reward [1, -1, 1, -1]
Episode 645 finished with reward [1, -1, 1, -1]
Episode 646 finished with reward [-1, 1, -1, 1]
Episode 647 finished with reward [1, -1, 1, -1]
Episode 648 finished with reward [1, -1, 1, -1]
Episode 649 finished with reward [1, -1, 1, -1]
Episode 650 finished with reward [1, -1, 1, -1]
Episode 651 finished with reward [1, -1, 1, -1]
Episode 652 finished with reward [1, -1, 1, -1]
Episode 653 finished with reward [1, -1, 1, -1]
Episode 654 finished with reward [1, -1, 1, -1]
Episode 655 finished with reward [1, -1, 1, -1]
Episode 656 finished with reward [1, -1, 1, -1]
Episode 657 finished with reward [1, -1, 1, -1]
Episode 658 finished with reward [1, -1, 1, -1]
Episode 659 finished with reward [1, -1, 1, -1]
Episode 660 finished with reward [1, -1, 1, -1]
Episode 661 finished with reward [1, -1, 1, -1]
Episode 662 finished with reward [1, -1, 1, -1]
Episode 663 finished with reward [1, -1, 1, -1]
Episode 664 finished with reward [-1, 1, -1, 1]
Episode 665 finished with reward [1, -1, 1, -1]
Episode 666 finished with reward [1, -1, 1, -1]
Episode 667 finished with reward [1, -1, 1, -1]
Episode 668 finished with reward [1, -1, 1, -1]
Episode 669 finished with reward [1, -1, 1, -1]
Episode 670 finished with reward [1, -1, 1, -1]
Episode 671 finished with reward [1, -1, 1, -1]
Episode 672 finished with reward [1, -1, 1, -1]
Episode 673 finished with reward [1, -1, 1, -1]
Episode 674 finished with reward [1, -1, 1, -1]
Episode 675 finished with reward [1, -1, 1, -1]
Episode 676 finished with reward [1, -1, 1, -1]
Episode 677 finished with reward [-1, 1, -1, 1]
Episode 678 finished with reward [1, -1, 1, -1]
Episode 679 finished with reward [1, -1, 1, -1]
Episode 680 finished with reward [1, -1, 1, -1]
Episode 681 finished with reward [1, -1, 1, -1]
Episode 682 finished with reward [1, -1, 1, -1]
Episode 683 finished with reward [1, -1, 1, -1]
Episode 684 finished with reward [-1, 1, -1, 1]
Episode 685 finished with reward [1, -1, 1, -1]
Episode 686 finished with reward [1, -1, 1, -1]
Episode 687 finished with reward [1, -1, 1, -1]
Episode 688 finished with reward [1, -1, 1, -1]
Episode 689 finished with reward [-1, 1, -1, 1]
Episode 690 finished with reward [1, -1, 1, -1]
Episode 691 finished with reward [1, -1, 1, -1]
Episode 692 finished with reward [1, -1, 1, -1]
Episode 693 finished with reward [1, -1, 1, -1]
Episode 694 finished with reward [1, -1, 1, -1]
Episode 695 finished with reward [1, -1, 1, -1]
Episode 696 finished with reward [1, -1, 1, -1]
Episode 697 finished with reward [1, -1, 1, -1]
Episode 698 finished with reward [1, -1, 1, -1]
Episode 699 finished with reward [1, -1, 1, -1]
Episode 700 finished with reward [1, -1, 1, -1]
Episode 701 finished with reward [1, -1, 1, -1]
Episode 702 finished with reward [1, -1, 1, -1]
Episode 703 finished with reward [1, -1, 1, -1]
Episode 704 finished with reward [1, -1, 1, -1]
Episode 705 finished with reward [1, -1, 1, -1]
Episode 706 finished with reward [1, -1, 1, -1]
Episode 707 finished with reward [1, -1, 1, -1]
Episode 708 finished with reward [1, -1, 1, -1]
Episode 709 finished with reward [1, -1, 1, -1]
Episode 710 finished with reward [1, -1, 1, -1]
Episode 711 finished with reward [1, -1, 1, -1]
Episode 712 finished with reward [-1, 1, -1, 1]
Episode 713 finished with reward [1, -1, 1, -1]
Episode 714 finished with reward [1, -1, 1, -1]
Episode 715 finished with reward [1, -1, 1, -1]
Episode 716 finished with reward [1, -1, 1, -1]
Episode 717 finished with reward [-1, 1, -1, 1]
Episode 718 finished with reward [-1, 1, -1, 1]
Episode 719 finished with reward [1, -1, 1, -1]
Episode 720 finished with reward [-1, 1, -1, 1]
Episode 721 finished with reward [-1, 1, -1, 1]
Episode 722 finished with reward [-1, 1, -1, 1]
Episode 723 finished with reward [1, -1, 1, -1]
Episode 724 finished with reward [1, -1, 1, -1]
Episode 725 finished with reward [1, -1, 1, -1]
Episode 726 finished with reward [1, -1, 1, -1]
Episode 727 finished with reward [1, -1, 1, -1]
Episode 728 finished with reward [1, -1, 1, -1]
Episode 729 finished with reward [1, -1, 1, -1]
Episode 730 finished with reward [1, -1, 1, -1]
Episode 731 finished with reward [1, -1, 1, -1]
Episode 732 finished with reward [1, -1, 1, -1]
Episode 733 finished with reward [1, -1, 1, -1]
Episode 734 finished with reward [1, -1, 1, -1]
Episode 735 finished with reward [1, -1, 1, -1]
Episode 736 finished with reward [1, -1, 1, -1]
Episode 737 finished with reward [1, -1, 1, -1]
Episode 738 finished with reward [1, -1, 1, -1]
Episode 739 finished with reward [-1, 1, -1, 1]
Episode 740 finished with reward [1, -1, 1, -1]
Episode 741 finished with reward [1, -1, 1, -1]
Episode 742 finished with reward [1, -1, 1, -1]
Episode 743 finished with reward [1, -1, 1, -1]
Episode 744 finished with reward [1, -1, 1, -1]
Episode 745 finished with reward [1, -1, 1, -1]
Episode 746 finished with reward [1, -1, 1, -1]
Episode 747 finished with reward [1, -1, 1, -1]
Episode 748 finished with reward [1, -1, 1, -1]
Episode 749 finished with reward [-1, 1, -1, 1]
Episode 750 finished with reward [1, -1, 1, -1]
Episode 751 finished with reward [1, -1, 1, -1]
Episode 752 finished with reward [1, -1, 1, -1]
Episode 753 finished with reward [-1, 1, -1, 1]
Episode 754 finished with reward [1, -1, 1, -1]
Episode 755 finished with reward [1, -1, 1, -1]
Episode 756 finished with reward [1, -1, 1, -1]
Episode 757 finished with reward [1, -1, 1, -1]
Episode 758 finished with reward [1, -1, 1, -1]
Episode 759 finished with reward [1, -1, 1, -1]
Episode 760 finished with reward [1, -1, 1, -1]
Episode 761 finished with reward [1, -1, 1, -1]
Episode 762 finished with reward [1, -1, 1, -1]
Episode 763 finished with reward [1, -1, 1, -1]
Episode 764 finished with reward [-1, 1, -1, 1]
Episode 765 finished with reward [1, -1, 1, -1]
Episode 766 finished with reward [1, -1, 1, -1]
Episode 767 finished with reward [1, -1, 1, -1]
Episode 768 finished with reward [-1, 1, -1, 1]
Episode 769 finished with reward [1, -1, 1, -1]
Episode 770 finished with reward [1, -1, 1, -1]
Episode 771 finished with reward [1, -1, 1, -1]
Episode 772 finished with reward [1, -1, 1, -1]
Episode 773 finished with reward [-1, 1, -1, 1]
Episode 774 finished with reward [1, -1, 1, -1]
Episode 775 finished with reward [1, -1, 1, -1]
Episode 776 finished with reward [1, -1, 1, -1]
Episode 777 finished with reward [1, -1, 1, -1]
Episode 778 finished with reward [1, -1, 1, -1]
Episode 779 finished with reward [1, -1, 1, -1]
Episode 780 finished with reward [1, -1, 1, -1]
Episode 781 finished with reward [1, -1, 1, -1]
Episode 782 finished with reward [1, -1, 1, -1]
Episode 783 finished with reward [-1, 1, -1, 1]
Episode 784 finished with reward [1, -1, 1, -1]
Episode 785 finished with reward [1, -1, 1, -1]
Episode 786 finished with reward [1, -1, 1, -1]
Episode 787 finished with reward [1, -1, 1, -1]
Episode 788 finished with reward [1, -1, 1, -1]
Episode 789 finished with reward [1, -1, 1, -1]
Episode 790 finished with reward [1, -1, 1, -1]
Episode 791 finished with reward [1, -1, 1, -1]
Episode 792 finished with reward [1, -1, 1, -1]
Episode 793 finished with reward [1, -1, 1, -1]
Episode 794 finished with reward [1, -1, 1, -1]
Episode 795 finished with reward [1, -1, 1, -1]
Episode 796 finished with reward [1, -1, 1, -1]
Episode 797 finished with reward [1, -1, 1, -1]
Episode 798 finished with reward [1, -1, 1, -1]
Episode 799 finished with reward [-1, 1, -1, 1]
Episode 800 finished with reward [1, -1, 1, -1]
Episode 801 finished with reward [1, -1, 1, -1]
Episode 802 finished with reward [1, -1, 1, -1]
Episode 803 finished with reward [-1, 1, -1, 1]
Episode 804 finished with reward [-1, 1, -1, 1]
Episode 805 finished with reward [1, -1, 1, -1]
Episode 806 finished with reward [1, -1, 1, -1]
Episode 807 finished with reward [1, -1, 1, -1]
Episode 808 finished with reward [1, -1, 1, -1]
Episode 809 finished with reward [1, -1, 1, -1]
Episode 810 finished with reward [0, 0, 0, 0]
Episode 811 finished with reward [1, -1, 1, -1]
Episode 812 finished with reward [1, -1, 1, -1]
Episode 813 finished with reward [1, -1, 1, -1]
Episode 814 finished with reward [1, -1, 1, -1]
Episode 815 finished with reward [1, -1, 1, -1]
Episode 816 finished with reward [1, -1, 1, -1]
Episode 817 finished with reward [1, -1, 1, -1]
Episode 818 finished with reward [-1, 1, -1, 1]
Episode 819 finished with reward [1, -1, 1, -1]
Episode 820 finished with reward [-1, 1, -1, 1]
Episode 821 finished with reward [1, -1, 1, -1]
Episode 822 finished with reward [-1, 1, -1, 1]
Episode 823 finished with reward [1, -1, 1, -1]
Episode 824 finished with reward [-1, 1, -1, 1]
Episode 825 finished with reward [1, -1, 1, -1]
Episode 826 finished with reward [-1, 1, -1, 1]
Episode 827 finished with reward [-1, 1, -1, 1]
Episode 828 finished with reward [1, -1, 1, -1]
Episode 829 finished with reward [1, -1, 1, -1]
Episode 830 finished with reward [1, -1, 1, -1]
Episode 831 finished with reward [1, -1, 1, -1]
Episode 832 finished with reward [-1, 1, -1, 1]
Episode 833 finished with reward [1, -1, 1, -1]
Episode 834 finished with reward [1, -1, 1, -1]
Episode 835 finished with reward [1, -1, 1, -1]
Episode 836 finished with reward [1, -1, 1, -1]
Episode 837 finished with reward [-1, 1, -1, 1]
Episode 838 finished with reward [1, -1, 1, -1]
Episode 839 finished with reward [1, -1, 1, -1]
Episode 840 finished with reward [1, -1, 1, -1]
Episode 841 finished with reward [1, -1, 1, -1]
Episode 842 finished with reward [1, -1, 1, -1]
Episode 843 finished with reward [1, -1, 1, -1]
Episode 844 finished with reward [1, -1, 1, -1]
Episode 845 finished with reward [1, -1, 1, -1]
Episode 846 finished with reward [1, -1, 1, -1]
Episode 847 finished with reward [1, -1, 1, -1]
Episode 848 finished with reward [1, -1, 1, -1]
Episode 849 finished with reward [1, -1, 1, -1]
Episode 850 finished with reward [1, -1, 1, -1]
Episode 851 finished with reward [1, -1, 1, -1]
Episode 852 finished with reward [1, -1, 1, -1]
Episode 853 finished with reward [1, -1, 1, -1]
Episode 854 finished with reward [1, -1, 1, -1]
Episode 855 finished with reward [1, -1, 1, -1]
Episode 856 finished with reward [-1, 1, -1, 1]
Episode 857 finished with reward [1, -1, 1, -1]
Episode 858 finished with reward [-1, 1, -1, 1]
Episode 859 finished with reward [1, -1, 1, -1]
Episode 860 finished with reward [1, -1, 1, -1]
Episode 861 finished with reward [1, -1, 1, -1]
Episode 862 finished with reward [1, -1, 1, -1]
Episode 863 finished with reward [1, -1, 1, -1]
Episode 864 finished with reward [1, -1, 1, -1]
Episode 865 finished with reward [1, -1, 1, -1]
Episode 866 finished with reward [1, -1, 1, -1]
Episode 867 finished with reward [1, -1, 1, -1]
Episode 868 finished with reward [1, -1, 1, -1]
Episode 869 finished with reward [-1, 1, -1, 1]
Episode 870 finished with reward [1, -1, 1, -1]
Episode 871 finished with reward [-1, 1, -1, 1]
Episode 872 finished with reward [1, -1, 1, -1]
Episode 873 finished with reward [1, -1, 1, -1]
Episode 874 finished with reward [1, -1, 1, -1]
Episode 875 finished with reward [1, -1, 1, -1]
Episode 876 finished with reward [-1, 1, -1, 1]
Episode 877 finished with reward [1, -1, 1, -1]
Episode 878 finished with reward [1, -1, 1, -1]
Episode 879 finished with reward [1, -1, 1, -1]
Episode 880 finished with reward [1, -1, 1, -1]
Episode 881 finished with reward [1, -1, 1, -1]
Episode 882 finished with reward [1, -1, 1, -1]
Episode 883 finished with reward [1, -1, 1, -1]
Episode 884 finished with reward [1, -1, 1, -1]
Episode 885 finished with reward [1, -1, 1, -1]
Episode 886 finished with reward [1, -1, 1, -1]
Episode 887 finished with reward [1, -1, 1, -1]
Episode 888 finished with reward [-1, 1, -1, 1]
Episode 889 finished with reward [1, -1, 1, -1]
Episode 890 finished with reward [1, -1, 1, -1]
Episode 891 finished with reward [1, -1, 1, -1]
Episode 892 finished with reward [-1, 1, -1, 1]
Episode 893 finished with reward [1, -1, 1, -1]
Episode 894 finished with reward [-1, 1, -1, 1]
Episode 895 finished with reward [-1, 1, -1, 1]
Episode 896 finished with reward [1, -1, 1, -1]
Episode 897 finished with reward [1, -1, 1, -1]
Episode 898 finished with reward [-1, 1, -1, 1]
Episode 899 finished with reward [1, -1, 1, -1]
Episode 900 finished with reward [1, -1, 1, -1]
Episode 901 finished with reward [-1, 1, -1, 1]
Episode 902 finished with reward [1, -1, 1, -1]
Episode 903 finished with reward [1, -1, 1, -1]
Episode 904 finished with reward [-1, 1, -1, 1]
Episode 905 finished with reward [1, -1, 1, -1]
Episode 906 finished with reward [1, -1, 1, -1]
Episode 907 finished with reward [1, -1, 1, -1]
Episode 908 finished with reward [-1, 1, -1, 1]
Episode 909 finished with reward [1, -1, 1, -1]
Episode 910 finished with reward [1, -1, 1, -1]
Episode 911 finished with reward [1, -1, 1, -1]
Episode 912 finished with reward [-1, 1, -1, 1]
Episode 913 finished with reward [-1, 1, -1, 1]
Episode 914 finished with reward [1, -1, 1, -1]
Episode 915 finished with reward [1, -1, 1, -1]
Episode 916 finished with reward [1, -1, 1, -1]
Episode 917 finished with reward [1, -1, 1, -1]
Episode 918 finished with reward [-1, 1, -1, 1]
Episode 919 finished with reward [1, -1, 1, -1]
Episode 920 finished with reward [1, -1, 1, -1]
Episode 921 finished with reward [1, -1, 1, -1]
Episode 922 finished with reward [1, -1, 1, -1]
Episode 923 finished with reward [1, -1, 1, -1]
Episode 924 finished with reward [1, -1, 1, -1]
Episode 925 finished with reward [1, -1, 1, -1]
Episode 926 finished with reward [1, -1, 1, -1]
Episode 927 finished with reward [1, -1, 1, -1]
Episode 928 finished with reward [1, -1, 1, -1]
Episode 929 finished with reward [1, -1, 1, -1]
Episode 930 finished with reward [1, -1, 1, -1]
Episode 931 finished with reward [-1, 1, -1, 1]
Episode 932 finished with reward [1, -1, 1, -1]
Episode 933 finished with reward [1, -1, 1, -1]
Episode 934 finished with reward [1, -1, 1, -1]
Episode 935 finished with reward [1, -1, 1, -1]
Episode 936 finished with reward [1, -1, 1, -1]
Episode 937 finished with reward [1, -1, 1, -1]
Episode 938 finished with reward [1, -1, 1, -1]
Episode 939 finished with reward [1, -1, 1, -1]
Episode 940 finished with reward [-1, 1, -1, 1]
Episode 941 finished with reward [1, -1, 1, -1]
Episode 942 finished with reward [1, -1, 1, -1]
Episode 943 finished with reward [-1, 1, -1, 1]
Episode 944 finished with reward [1, -1, 1, -1]
Episode 945 finished with reward [1, -1, 1, -1]
Episode 946 finished with reward [-1, 1, -1, 1]
Episode 947 finished with reward [1, -1, 1, -1]
Episode 948 finished with reward [1, -1, 1, -1]
Episode 949 finished with reward [1, -1, 1, -1]
Episode 950 finished with reward [1, -1, 1, -1]
Episode 951 finished with reward [1, -1, 1, -1]
Episode 952 finished with reward [1, -1, 1, -1]
Episode 953 finished with reward [1, -1, 1, -1]
Episode 954 finished with reward [1, -1, 1, -1]
Episode 955 finished with reward [1, -1, 1, -1]
Episode 956 finished with reward [-1, 1, -1, 1]
Episode 957 finished with reward [1, -1, 1, -1]
Episode 958 finished with reward [1, -1, 1, -1]
Episode 959 finished with reward [-1, 1, -1, 1]
Episode 960 finished with reward [1, -1, 1, -1]
Episode 961 finished with reward [-1, 1, -1, 1]
Episode 962 finished with reward [1, -1, 1, -1]
Episode 963 finished with reward [1, -1, 1, -1]
Episode 964 finished with reward [1, -1, 1, -1]
Episode 965 finished with reward [-1, 1, -1, 1]
Episode 966 finished with reward [1, -1, 1, -1]
Episode 967 finished with reward [1, -1, 1, -1]
Episode 968 finished with reward [1, -1, 1, -1]
Episode 969 finished with reward [1, -1, 1, -1]
Episode 970 finished with reward [1, -1, 1, -1]
Episode 971 finished with reward [1, -1, 1, -1]
Episode 972 finished with reward [1, -1, 1, -1]
Episode 973 finished with reward [1, -1, 1, -1]
Episode 974 finished with reward [1, -1, 1, -1]
Episode 975 finished with reward [1, -1, 1, -1]
Episode 976 finished with reward [1, -1, 1, -1]
Episode 977 finished with reward [1, -1, 1, -1]
Episode 978 finished with reward [1, -1, 1, -1]
Episode 979 finished with reward [1, -1, 1, -1]
Episode 980 finished with reward [1, -1, 1, -1]
Episode 981 finished with reward [1, -1, 1, -1]
Episode 982 finished with reward [1, -1, 1, -1]
Episode 983 finished with reward [1, -1, 1, -1]
Episode 984 finished with reward [1, -1, 1, -1]
Episode 985 finished with reward [1, -1, 1, -1]
Episode 986 finished with reward [1, -1, 1, -1]
Episode 987 finished with reward [1, -1, 1, -1]
Episode 988 finished with reward [1, -1, 1, -1]
Episode 989 finished with reward [1, -1, 1, -1]
Episode 990 finished with reward [1, -1, 1, -1]
Episode 991 finished with reward [1, -1, 1, -1]
Episode 992 finished with reward [1, -1, 1, -1]
Episode 993 finished with reward [1, -1, 1, -1]
Episode 994 finished with reward [-1, 1, -1, 1]
Episode 995 finished with reward [1, -1, 1, -1]
Episode 996 finished with reward [1, -1, 1, -1]
Episode 997 finished with reward [1, -1, 1, -1]
Episode 998 finished with reward [1, -1, 1, -1]
Episode 999 finished with reward [1, -1, 1, -1]
Episode 1000 finished with reward [1, -1, 1, -1]
Episode 1001 finished with reward [1, -1, 1, -1]
Episode 1002 finished with reward [1, -1, 1, -1]
Episode 1003 finished with reward [1, -1, 1, -1]
Episode 1004 finished with reward [1, -1, 1, -1]
Episode 1005 finished with reward [-1, 1, -1, 1]
Episode 1006 finished with reward [1, -1, 1, -1]
Episode 1007 finished with reward [-1, 1, -1, 1]
Episode 1008 finished with reward [1, -1, 1, -1]
Episode 1009 finished with reward [-1, 1, -1, 1]
Episode 1010 finished with reward [1, -1, 1, -1]
Episode 1011 finished with reward [-1, 1, -1, 1]
Episode 1012 finished with reward [1, -1, 1, -1]
Episode 1013 finished with reward [1, -1, 1, -1]
Episode 1014 finished with reward [1, -1, 1, -1]
Episode 1015 finished with reward [1, -1, 1, -1]
Episode 1016 finished with reward [1, -1, 1, -1]
Episode 1017 finished with reward [1, -1, 1, -1]
Episode 1018 finished with reward [1, -1, 1, -1]
Episode 1019 finished with reward [1, -1, 1, -1]
Episode 1020 finished with reward [-1, 1, -1, 1]
Episode 1021 finished with reward [-1, 1, -1, 1]
Episode 1022 finished with reward [-1, 1, -1, 1]
Episode 1023 finished with reward [-1, 1, -1, 1]
Episode 1024 finished with reward [-1, 1, -1, 1]
Episode 1025 finished with reward [1, -1, 1, -1]